Determining if the function pcap_setsampling exists failed with the following output:
Change Dir: /home/ssllap1/Desktop/CIB/datasets/Attack_Tools/kdd99_feature_extractor/build-files/CMakeFiles/CMakeTmp

Run Build Command:"/usr/bin/make" "cmTC_c3c3d/fast"
/usr/bin/make -f CMakeFiles/cmTC_c3c3d.dir/build.make CMakeFiles/cmTC_c3c3d.dir/build
make[1]: Entering directory '/home/ssllap1/Desktop/CIB/datasets/Attack_Tools/kdd99_feature_extractor/build-files/CMakeFiles/CMakeTmp'
Building C object CMakeFiles/cmTC_c3c3d.dir/CheckFunctionExists.c.o
/usr/bin/cc   -DCHECK_FUNCTION_EXISTS=pcap_setsampling   -o CMakeFiles/cmTC_c3c3d.dir/CheckFunctionExists.c.o   -c /usr/share/cmake-3.10/Modules/CheckFunctionExists.c
Linking C executable cmTC_c3c3d
/usr/bin/cmake -E cmake_link_script CMakeFiles/cmTC_c3c3d.dir/link.txt --verbose=1
/usr/bin/cc  -DCHECK_FUNCTION_EXISTS=pcap_setsampling    -rdynamic CMakeFiles/cmTC_c3c3d.dir/CheckFunctionExists.c.o  -o cmTC_c3c3d /usr/lib/x86_64-linux-gnu/libpcap.so 
CMakeFiles/cmTC_c3c3d.dir/CheckFunctionExists.c.o: In function `main':
CheckFunctionExists.c:(.text+0x10): undefined reference to `pcap_setsampling'
collect2: error: ld returned 1 exit status
CMakeFiles/cmTC_c3c3d.dir/build.make:98: recipe for target 'cmTC_c3c3d' failed
make[1]: *** [cmTC_c3c3d] Error 1
make[1]: Leaving directory '/home/ssllap1/Desktop/CIB/datasets/Attack_Tools/kdd99_feature_extractor/build-files/CMakeFiles/CMakeTmp'
Makefile:126: recipe for target 'cmTC_c3c3d/fast' failed
make: *** [cmTC_c3c3d/fast] Error 2


Determining if the function pcap_open exists failed with the following output:
Change Dir: /home/ssllap1/Desktop/CIB/datasets/Attack_Tools/kdd99_feature_extractor/build-files/CMakeFiles/CMakeTmp

Run Build Command:"/usr/bin/make" "cmTC_36222/fast"
/usr/bin/make -f CMakeFiles/cmTC_36222.dir/build.make CMakeFiles/cmTC_36222.dir/build
make[1]: Entering directory '/home/ssllap1/Desktop/CIB/datasets/Attack_Tools/kdd99_feature_extractor/build-files/CMakeFiles/CMakeTmp'
Building C object CMakeFiles/cmTC_36222.dir/CheckFunctionExists.c.o
/usr/bin/cc   -DCHECK_FUNCTION_EXISTS=pcap_open   -o CMakeFiles/cmTC_36222.dir/CheckFunctionExists.c.o   -c /usr/share/cmake-3.10/Modules/CheckFunctionExists.c
Linking C executable cmTC_36222
/usr/bin/cmake -E cmake_link_script CMakeFiles/cmTC_36222.dir/link.txt --verbose=1
/usr/bin/cc  -DCHECK_FUNCTION_EXISTS=pcap_open    -rdynamic CMakeFiles/cmTC_36222.dir/CheckFunctionExists.c.o  -o cmTC_36222 /usr/lib/x86_64-linux-gnu/libpcap.so 
CMakeFiles/cmTC_36222.dir/CheckFunctionExists.c.o: In function `main':
CheckFunctionExists.c:(.text+0x10): undefined reference to `pcap_open'
collect2: error: ld returned 1 exit status
CMakeFiles/cmTC_36222.dir/build.make:98: recipe for target 'cmTC_36222' failed
make[1]: *** [cmTC_36222] Error 1
make[1]: Leaving directory '/home/ssllap1/Desktop/CIB/datasets/Attack_Tools/kdd99_feature_extractor/build-files/CMakeFiles/CMakeTmp'
Makefile:126: recipe for target 'cmTC_36222/fast' failed
make: *** [cmTC_36222/fast] Error 2


